<?xml version="1.0" encoding="UTF-8"?>
<!-- Generated by org.testng.reporters.JUnitReportReporter -->
<testsuite skipped="0" hostname="SSL-ECOM-PRATIK" name="testCases.Verify_Unsuccessful_Start_Of_Test" tests="1" failures="0" timestamp="03 Jan 2018 09:19:57 GMT" time="3.179" errors="0">
  <testcase name="enterSchoolAndStudentInfoAndVerifyNoAssessmentFoundMessage" time="3.179" classname="testCases.Verify_Unsuccessful_Start_Of_Test"/>
</testsuite> <!-- testCases.Verify_Unsuccessful_Start_Of_Test -->
